# JRE version: OpenJDK Runtime Environment Temurin-21.0.7+6 (21.0.7+6) (build 21.0.7+6-LTS)
# Java VM: OpenJDK 64-Bit Server VM Temurin-21.0.7+6 (21.0.7+6-LTS, mixed mode, sharing, tiered, compressed oops, compressed class ptrs, parallel gc, windows-amd64)
GC Precious Log:
 CardTable entry size: 512
 CPUs: 8 total, 8 available
 Memory: 6055M
 Large Page Support: Disabled
 NUMA Support: Disabled
 Compressed Oops: Enabled (32-bit)
 Alignments: Space 512K, Generation 512K, Heap 2M
 Heap Min Capacity: 100M
 Heap Initial Capacity: 100M
 Heap Max Capacity: 2G
 Pre-touch: Disabled
 Parallel Workers: 8
Heap:
 PSYoungGen      total 4608K, used 4352K [0x00000000d5580000, 0x00000000d5b80000, 0x0000000100000000)
  eden space 4096K, 100% used [0x00000000d5580000,0x00000000d5980000,0x00000000d5980000)
  from space 512K, 50% used [0x00000000d5b00000,0x00000000d5b40000,0x00000000d5b80000)
  to   space 512K, 95% used [0x00000000d5a80000,0x00000000d5afa390,0x00000000d5b00000)
 ParOldGen       total 1398272K, used 1398271K [0x0000000080000000, 0x00000000d5580000, 0x00000000d5580000)
  object space 1398272K, 99% used [0x0000000080000000,0x00000000d557fca8,0x00000000d5580000)
 Metaspace       used 86878K, committed 88512K, reserved 1179648K
  class space    used 8447K, committed 9216K, reserved 1048576K
GC Heap History (20 events):
Event: 1000.741 GC heap after
{Heap after GC invocations=3109 (full 5):
 PSYoungGen      total 5632K, used 1347K [0x00000000d5580000, 0x00000000d5d00000, 0x0000000100000000)
  eden space 4096K, 0% used [0x00000000d5580000,0x00000000d5580000,0x00000000d5980000)
  from space 1536K, 87% used [0x00000000d5b80000,0x00000000d5cd0c10,0x00000000d5d00000)
  to   space 1536K, 0% used [0x00000000d5a00000,0x00000000d5a00000,0x00000000d5b80000)
 ParOldGen       total 1396736K, used 1396446K [0x0000000080000000, 0x00000000d5400000, 0x00000000d5580000)
  object space 1396736K, 99% used [0x0000000080000000,0x00000000d53b7b88,0x00000000d5400000)
 Metaspace       used 86849K, committed 88512K, reserved 1179648K
  class space    used 8444K, committed 9216K, reserved 1048576K
}
Event: 1000.756 GC heap before
{Heap before GC invocations=3110 (full 5):
 PSYoungGen      total 5632K, used 5443K [0x00000000d5580000, 0x00000000d5d00000, 0x0000000100000000)
  eden space 4096K, 100% used [0x00000000d5580000,0x00000000d5980000,0x00000000d5980000)
  from space 1536K, 87% used [0x00000000d5b80000,0x00000000d5cd0c10,0x00000000d5d00000)
  to   space 1536K, 0% used [0x00000000d5a00000,0x00000000d5a00000,0x00000000d5b80000)
 ParOldGen       total 1396736K, used 1396446K [0x0000000080000000, 0x00000000d5400000, 0x00000000d5580000)
  object space 1396736K, 99% used [0x0000000080000000,0x00000000d53b7b88,0x00000000d5400000)
 Metaspace       used 86849K, committed 88512K, reserved 1179648K
  class space    used 8444K, committed 9216K, reserved 1048576K
}
Event: 1000.759 GC heap after
{Heap after GC invocations=3110 (full 5):
 PSYoungGen      total 5632K, used 1507K [0x00000000d5580000, 0x00000000d5d80000, 0x0000000100000000)
  eden space 4096K, 0% used [0x00000000d5580000,0x00000000d5580000,0x00000000d5980000)
  from space 1536K, 98% used [0x00000000d5a00000,0x00000000d5b78c10,0x00000000d5b80000)
  to   space 2048K, 0% used [0x00000000d5b80000,0x00000000d5b80000,0x00000000d5d80000)
 ParOldGen       total 1396736K, used 1396733K [0x0000000080000000, 0x00000000d5400000, 0x00000000d5580000)
  object space 1396736K, 99% used [0x0000000080000000,0x00000000d53ff5c8,0x00000000d5400000)
 Metaspace       used 86849K, committed 88512K, reserved 1179648K
  class space    used 8444K, committed 9216K, reserved 1048576K
}
Event: 1001.090 GC heap before
{Heap before GC invocations=3111 (full 5):
 PSYoungGen      total 5632K, used 5603K [0x00000000d5580000, 0x00000000d5d80000, 0x0000000100000000)
  eden space 4096K, 100% used [0x00000000d5580000,0x00000000d5980000,0x00000000d5980000)
  from space 1536K, 98% used [0x00000000d5a00000,0x00000000d5b78c10,0x00000000d5b80000)
  to   space 2048K, 0% used [0x00000000d5b80000,0x00000000d5b80000,0x00000000d5d80000)
 ParOldGen       total 1396736K, used 1396733K [0x0000000080000000, 0x00000000d5400000, 0x00000000d5580000)
  object space 1396736K, 99% used [0x0000000080000000,0x00000000d53ff5c8,0x00000000d5400000)
 Metaspace       used 86849K, committed 88512K, reserved 1179648K
  class space    used 8444K, committed 9216K, reserved 1048576K
}
Event: 1001.093 GC heap after
{Heap after GC invocations=3111 (full 5):
 PSYoungGen      total 5632K, used 1315K [0x00000000d5580000, 0x00000000d5d00000, 0x0000000100000000)
  eden space 4096K, 0% used [0x00000000d5580000,0x00000000d5580000,0x00000000d5980000)
  from space 1536K, 85% used [0x00000000d5b80000,0x00000000d5cc8c10,0x00000000d5d00000)
  to   space 1536K, 0% used [0x00000000d5a00000,0x00000000d5a00000,0x00000000d5b80000)
 ParOldGen       total 1397248K, used 1396741K [0x0000000080000000, 0x00000000d5480000, 0x00000000d5580000)
  object space 1397248K, 99% used [0x0000000080000000,0x00000000d54015c8,0x00000000d5480000)
 Metaspace       used 86849K, committed 88512K, reserved 1179648K
  class space    used 8444K, committed 9216K, reserved 1048576K
}
Event: 1001.107 GC heap before
{Heap before GC invocations=3112 (full 5):
 PSYoungGen      total 5632K, used 5411K [0x00000000d5580000, 0x00000000d5d00000, 0x0000000100000000)
  eden space 4096K, 100% used [0x00000000d5580000,0x00000000d5980000,0x00000000d5980000)
  from space 1536K, 85% used [0x00000000d5b80000,0x00000000d5cc8c10,0x00000000d5d00000)
  to   space 1536K, 0% used [0x00000000d5a00000,0x00000000d5a00000,0x00000000d5b80000)
 ParOldGen       total 1397248K, used 1396741K [0x0000000080000000, 0x00000000d5480000, 0x00000000d5580000)
  object space 1397248K, 99% used [0x0000000080000000,0x00000000d54015c8,0x00000000d5480000)
 Metaspace       used 86849K, committed 88512K, reserved 1179648K
  class space    used 8444K, committed 9216K, reserved 1048576K
}
Event: 1001.110 GC heap after
{Heap after GC invocations=3112 (full 5):
 PSYoungGen      total 5632K, used 1507K [0x00000000d5580000, 0x00000000d5d80000, 0x0000000100000000)
  eden space 4096K, 0% used [0x00000000d5580000,0x00000000d5580000,0x00000000d5980000)
  from space 1536K, 98% used [0x00000000d5a00000,0x00000000d5b78c10,0x00000000d5b80000)
  to   space 2048K, 0% used [0x00000000d5b80000,0x00000000d5b80000,0x00000000d5d80000)
 ParOldGen       total 1397248K, used 1397018K [0x0000000080000000, 0x00000000d5480000, 0x00000000d5580000)
  object space 1397248K, 99% used [0x0000000080000000,0x00000000d5446a48,0x00000000d5480000)
 Metaspace       used 86849K, committed 88512K, reserved 1179648K
  class space    used 8444K, committed 9216K, reserved 1048576K
}
Event: 1001.127 GC heap before
{Heap before GC invocations=3113 (full 5):
 PSYoungGen      total 5632K, used 5603K [0x00000000d5580000, 0x00000000d5d80000, 0x0000000100000000)
  eden space 4096K, 100% used [0x00000000d5580000,0x00000000d5980000,0x00000000d5980000)
  from space 1536K, 98% used [0x00000000d5a00000,0x00000000d5b78c10,0x00000000d5b80000)
  to   space 2048K, 0% used [0x00000000d5b80000,0x00000000d5b80000,0x00000000d5d80000)
 ParOldGen       total 1397248K, used 1397018K [0x0000000080000000, 0x00000000d5480000, 0x00000000d5580000)
  object space 1397248K, 99% used [0x0000000080000000,0x00000000d5446a48,0x00000000d5480000)
 Metaspace       used 86849K, committed 88512K, reserved 1179648K
  class space    used 8444K, committed 9216K, reserved 1048576K
}
Event: 1001.130 GC heap after
{Heap after GC invocations=3113 (full 5):
 PSYoungGen      total 5632K, used 1379K [0x00000000d5580000, 0x00000000d5d00000, 0x0000000100000000)
  eden space 4096K, 0% used [0x00000000d5580000,0x00000000d5580000,0x00000000d5980000)
  from space 1536K, 89% used [0x00000000d5b80000,0x00000000d5cd8c10,0x00000000d5d00000)
  to   space 1536K, 0% used [0x00000000d5a00000,0x00000000d5a00000,0x00000000d5b80000)
 ParOldGen       total 1397248K, used 1397034K [0x0000000080000000, 0x00000000d5480000, 0x00000000d5580000)
  object space 1397248K, 99% used [0x0000000080000000,0x00000000d544aa48,0x00000000d5480000)
 Metaspace       used 86849K, committed 88512K, reserved 1179648K
  class space    used 8444K, committed 9216K, reserved 1048576K
}
Event: 1001.146 GC heap before
{Heap before GC invocations=3114 (full 5):
 PSYoungGen      total 5632K, used 5474K [0x00000000d5580000, 0x00000000d5d00000, 0x0000000100000000)
  eden space 4096K, 99% used [0x00000000d5580000,0x00000000d597ffd8,0x00000000d5980000)
  from space 1536K, 89% used [0x00000000d5b80000,0x00000000d5cd8c10,0x00000000d5d00000)
  to   space 1536K, 0% used [0x00000000d5a00000,0x00000000d5a00000,0x00000000d5b80000)
 ParOldGen       total 1397248K, used 1397034K [0x0000000080000000, 0x00000000d5480000, 0x00000000d5580000)
  object space 1397248K, 99% used [0x0000000080000000,0x00000000d544aa48,0x00000000d5480000)
 Metaspace       used 86849K, committed 88512K, reserved 1179648K
  class space    used 8444K, committed 9216K, reserved 1048576K
}
Event: 1001.150 GC heap after
{Heap after GC invocations=3114 (full 5):
 PSYoungGen      total 5632K, used 1507K [0x00000000d5580000, 0x00000000d5d80000, 0x0000000100000000)
  eden space 4096K, 0% used [0x00000000d5580000,0x00000000d5580000,0x00000000d5980000)
  from space 1536K, 98% used [0x00000000d5a00000,0x00000000d5b78c10,0x00000000d5b80000)
  to   space 2048K, 0% used [0x00000000d5b80000,0x00000000d5b80000,0x00000000d5d80000)
 ParOldGen       total 1397760K, used 1397329K [0x0000000080000000, 0x00000000d5500000, 0x00000000d5580000)
  object space 1397760K, 99% used [0x0000000080000000,0x00000000d5494488,0x00000000d5500000)
 Metaspace       used 86849K, committed 88512K, reserved 1179648K
  class space    used 8444K, committed 9216K, reserved 1048576K
}
Event: 1001.780 GC heap before
{Heap before GC invocations=3115 (full 5):
 PSYoungGen      total 5632K, used 5603K [0x00000000d5580000, 0x00000000d5d80000, 0x0000000100000000)
  eden space 4096K, 100% used [0x00000000d5580000,0x00000000d5980000,0x00000000d5980000)
  from space 1536K, 98% used [0x00000000d5a00000,0x00000000d5b78c10,0x00000000d5b80000)
  to   space 2048K, 0% used [0x00000000d5b80000,0x00000000d5b80000,0x00000000d5d80000)
 ParOldGen       total 1397760K, used 1397329K [0x0000000080000000, 0x00000000d5500000, 0x00000000d5580000)
  object space 1397760K, 99% used [0x0000000080000000,0x00000000d5494488,0x00000000d5500000)
 Metaspace       used 86849K, committed 88512K, reserved 1179648K
  class space    used 8444K, committed 9216K, reserved 1048576K
}
Event: 1001.784 GC heap after
{Heap after GC invocations=3115 (full 5):
 PSYoungGen      total 5120K, used 528K [0x00000000d5580000, 0x00000000d5c80000, 0x0000000100000000)
  eden space 4096K, 0% used [0x00000000d5580000,0x00000000d5580000,0x00000000d5980000)
  from space 1024K, 51% used [0x00000000d5b80000,0x00000000d5c04010,0x00000000d5c80000)
  to   space 1024K, 0% used [0x00000000d5a80000,0x00000000d5a80000,0x00000000d5b80000)
 ParOldGen       total 1397760K, used 1397337K [0x0000000080000000, 0x00000000d5500000, 0x00000000d5580000)
  object space 1397760K, 99% used [0x0000000080000000,0x00000000d5496488,0x00000000d5500000)
 Metaspace       used 86849K, committed 88512K, reserved 1179648K
  class space    used 8444K, committed 9216K, reserved 1048576K
}
Event: 1002.095 GC heap before
{Heap before GC invocations=3116 (full 5):
 PSYoungGen      total 5120K, used 4624K [0x00000000d5580000, 0x00000000d5c80000, 0x0000000100000000)
  eden space 4096K, 100% used [0x00000000d5580000,0x00000000d5980000,0x00000000d5980000)
  from space 1024K, 51% used [0x00000000d5b80000,0x00000000d5c04010,0x00000000d5c80000)
  to   space 1024K, 0% used [0x00000000d5a80000,0x00000000d5a80000,0x00000000d5b80000)
 ParOldGen       total 1397760K, used 1397337K [0x0000000080000000, 0x00000000d5500000, 0x00000000d5580000)
  object space 1397760K, 99% used [0x0000000080000000,0x00000000d5496488,0x00000000d5500000)
 Metaspace       used 86857K, committed 88512K, reserved 1179648K
  class space    used 8444K, committed 9216K, reserved 1048576K
}
Event: 1002.098 GC heap after
{Heap after GC invocations=3116 (full 5):
 PSYoungGen      total 4608K, used 416K [0x00000000d5580000, 0x00000000d5c00000, 0x0000000100000000)
  eden space 4096K, 0% used [0x00000000d5580000,0x00000000d5580000,0x00000000d5980000)
  from space 512K, 81% used [0x00000000d5a80000,0x00000000d5ae8000,0x00000000d5b00000)
  to   space 1024K, 0% used [0x00000000d5b00000,0x00000000d5b00000,0x00000000d5c00000)
 ParOldGen       total 1397760K, used 1397662K [0x0000000080000000, 0x00000000d5500000, 0x00000000d5580000)
  object space 1397760K, 99% used [0x0000000080000000,0x00000000d54e7918,0x00000000d5500000)
 Metaspace       used 86857K, committed 88512K, reserved 1179648K
  class space    used 8444K, committed 9216K, reserved 1048576K
}
Event: 1002.460 GC heap before
{Heap before GC invocations=3117 (full 5):
 PSYoungGen      total 4608K, used 4512K [0x00000000d5580000, 0x00000000d5c00000, 0x0000000100000000)
  eden space 4096K, 100% used [0x00000000d5580000,0x00000000d5980000,0x00000000d5980000)
  from space 512K, 81% used [0x00000000d5a80000,0x00000000d5ae8000,0x00000000d5b00000)
  to   space 1024K, 0% used [0x00000000d5b00000,0x00000000d5b00000,0x00000000d5c00000)
 ParOldGen       total 1397760K, used 1397662K [0x0000000080000000, 0x00000000d5500000, 0x00000000d5580000)
  object space 1397760K, 99% used [0x0000000080000000,0x00000000d54e7918,0x00000000d5500000)
 Metaspace       used 86857K, committed 88512K, reserved 1179648K
  class space    used 8444K, committed 9216K, reserved 1048576K
}
Event: 1002.462 GC heap after
{Heap after GC invocations=3117 (full 5):
 PSYoungGen      total 4608K, used 256K [0x00000000d5580000, 0x00000000d5b80000, 0x0000000100000000)
  eden space 4096K, 0% used [0x00000000d5580000,0x00000000d5580000,0x00000000d5980000)
  from space 512K, 50% used [0x00000000d5b00000,0x00000000d5b40000,0x00000000d5b80000)
  to   space 512K, 0% used [0x00000000d5a80000,0x00000000d5a80000,0x00000000d5b00000)
 ParOldGen       total 1398272K, used 1397902K [0x0000000080000000, 0x00000000d5580000, 0x00000000d5580000)
  object space 1398272K, 99% used [0x0000000080000000,0x00000000d5523918,0x00000000d5580000)
 Metaspace       used 86857K, committed 88512K, reserved 1179648K
  class space    used 8444K, committed 9216K, reserved 1048576K
}
Event: 1002.907 GC heap before
{Heap before GC invocations=3118 (full 5):
 PSYoungGen      total 4608K, used 4352K [0x00000000d5580000, 0x00000000d5b80000, 0x0000000100000000)
  eden space 4096K, 100% used [0x00000000d5580000,0x00000000d5980000,0x00000000d5980000)
  from space 512K, 50% used [0x00000000d5b00000,0x00000000d5b40000,0x00000000d5b80000)
  to   space 512K, 0% used [0x00000000d5a80000,0x00000000d5a80000,0x00000000d5b00000)
 ParOldGen       total 1398272K, used 1397902K [0x0000000080000000, 0x00000000d5580000, 0x00000000d5580000)
  object space 1398272K, 99% used [0x0000000080000000,0x00000000d5523918,0x00000000d5580000)
 Metaspace       used 86878K, committed 88512K, reserved 1179648K
  class space    used 8447K, committed 9216K, reserved 1048576K
}
Event: 1002.912 GC heap after
{Heap after GC invocations=3118 (full 5):
 PSYoungGen      total 4608K, used 4352K [0x00000000d5580000, 0x00000000d5b80000, 0x0000000100000000)
  eden space 4096K, 100% used [0x00000000d5580000,0x00000000d5980000,0x00000000d5980000)
  from space 512K, 50% used [0x00000000d5b00000,0x00000000d5b40000,0x00000000d5b80000)
  to   space 512K, 95% used [0x00000000d5a80000,0x00000000d5afa390,0x00000000d5b00000)
 ParOldGen       total 1398272K, used 1398271K [0x0000000080000000, 0x00000000d5580000, 0x00000000d5580000)
  object space 1398272K, 99% used [0x0000000080000000,0x00000000d557fca8,0x00000000d5580000)
 Metaspace       used 86878K, committed 88512K, reserved 1179648K
  class space    used 8447K, committed 9216K, reserved 1048576K
}
Event: 1002.912 GC heap before
{Heap before GC invocations=3119 (full 6):
 PSYoungGen      total 4608K, used 4352K [0x00000000d5580000, 0x00000000d5b80000, 0x0000000100000000)
  eden space 4096K, 100% used [0x00000000d5580000,0x00000000d5980000,0x00000000d5980000)
  from space 512K, 50% used [0x00000000d5b00000,0x00000000d5b40000,0x00000000d5b80000)
  to   space 512K, 95% used [0x00000000d5a80000,0x00000000d5afa390,0x00000000d5b00000)
 ParOldGen       total 1398272K, used 1398271K [0x0000000080000000, 0x00000000d5580000, 0x00000000d5580000)
  object space 1398272K, 99% used [0x0000000080000000,0x00000000d557fca8,0x00000000d5580000)
 Metaspace       used 86878K, committed 88512K, reserved 1179648K
  class space    used 8447K, committed 9216K, reserved 1048576K
}

