# JRE version: OpenJDK Runtime Environment Temurin-21.0.8+9 (21.0.8+9) (build 21.0.8+9-LTS)
# Java VM: OpenJDK 64-Bit Server VM Temurin-21.0.8+9 (21.0.8+9-LTS, mixed mode, sharing, tiered, compressed oops, compressed class ptrs, parallel gc, windows-amd64)
GC Precious Log:
 CardTable entry size: 512
 CPUs: 8 total, 8 available
 Memory: 6055M
 Large Page Support: Disabled
 NUMA Support: Disabled
 Compressed Oops: Enabled (32-bit)
 Alignments: Space 512K, Generation 512K, Heap 2M
 Heap Min Capacity: 100M
 Heap Initial Capacity: 100M
 Heap Max Capacity: 2G
 Pre-touch: Disabled
 Parallel Workers: 8
Heap:
 PSYoungGen      total 7168K, used 7154K [0x00000000d5580000, 0x00000000d6680000, 0x0000000100000000)
  eden space 6144K, 100% used [0x00000000d5580000,0x00000000d5b80000,0x00000000d5b80000)
  from space 1024K, 98% used [0x00000000d5d80000,0x00000000d5e7c820,0x00000000d5e80000)
  to   space 5632K, 0% used [0x00000000d6100000,0x00000000d6100000,0x00000000d6680000)
 ParOldGen       total 1397248K, used 1397189K [0x0000000080000000, 0x00000000d5480000, 0x00000000d5580000)
  object space 1397248K, 99% used [0x0000000080000000,0x00000000d5471770,0x00000000d5480000)
 Metaspace       used 88620K, committed 90368K, reserved 1179648K
  class space    used 8745K, committed 9536K, reserved 1048576K
GC Heap History (20 events):
Event: 2112.000 GC heap after
{Heap after GC invocations=5663 (full 6):
 PSYoungGen      total 10240K, used 3785K [0x00000000d5580000, 0x00000000d6700000, 0x0000000100000000)
  eden space 6144K, 0% used [0x00000000d5580000,0x00000000d5580000,0x00000000d5b80000)
  from space 4096K, 92% used [0x00000000d6300000,0x00000000d66b26e0,0x00000000d6700000)
  to   space 5120K, 0% used [0x00000000d5d00000,0x00000000d5d00000,0x00000000d6200000)
 ParOldGen       total 1381888K, used 1381447K [0x0000000080000000, 0x00000000d4580000, 0x00000000d5580000)
  object space 1381888K, 99% used [0x0000000080000000,0x00000000d4511ec0,0x00000000d4580000)
 Metaspace       used 88565K, committed 90304K, reserved 1179648K
  class space    used 8739K, committed 9536K, reserved 1048576K
}
Event: 2116.090 GC heap before
{Heap before GC invocations=5664 (full 6):
 PSYoungGen      total 10240K, used 9929K [0x00000000d5580000, 0x00000000d6700000, 0x0000000100000000)
  eden space 6144K, 100% used [0x00000000d5580000,0x00000000d5b80000,0x00000000d5b80000)
  from space 4096K, 92% used [0x00000000d6300000,0x00000000d66b26e0,0x00000000d6700000)
  to   space 5120K, 0% used [0x00000000d5d00000,0x00000000d5d00000,0x00000000d6200000)
 ParOldGen       total 1381888K, used 1381447K [0x0000000080000000, 0x00000000d4580000, 0x00000000d5580000)
  object space 1381888K, 99% used [0x0000000080000000,0x00000000d4511ec0,0x00000000d4580000)
 Metaspace       used 88565K, committed 90304K, reserved 1179648K
  class space    used 8739K, committed 9536K, reserved 1048576K
}
Event: 2116.097 GC heap after
{Heap after GC invocations=5664 (full 6):
 PSYoungGen      total 7168K, used 976K [0x00000000d5580000, 0x00000000d6380000, 0x0000000100000000)
  eden space 6144K, 0% used [0x00000000d5580000,0x00000000d5580000,0x00000000d5b80000)
  from space 1024K, 95% used [0x00000000d5d00000,0x00000000d5df4000,0x00000000d5e00000)
  to   space 2560K, 0% used [0x00000000d6100000,0x00000000d6100000,0x00000000d6380000)
 ParOldGen       total 1384448K, used 1384047K [0x0000000080000000, 0x00000000d4800000, 0x00000000d5580000)
  object space 1384448K, 99% used [0x0000000080000000,0x00000000d479bec0,0x00000000d4800000)
 Metaspace       used 88565K, committed 90304K, reserved 1179648K
  class space    used 8739K, committed 9536K, reserved 1048576K
}
Event: 2117.714 GC heap before
{Heap before GC invocations=5665 (full 6):
 PSYoungGen      total 7168K, used 7118K [0x00000000d5580000, 0x00000000d6380000, 0x0000000100000000)
  eden space 6144K, 99% used [0x00000000d5580000,0x00000000d5b7f808,0x00000000d5b80000)
  from space 1024K, 95% used [0x00000000d5d00000,0x00000000d5df4000,0x00000000d5e00000)
  to   space 2560K, 0% used [0x00000000d6100000,0x00000000d6100000,0x00000000d6380000)
 ParOldGen       total 1384448K, used 1384047K [0x0000000080000000, 0x00000000d4800000, 0x00000000d5580000)
  object space 1384448K, 99% used [0x0000000080000000,0x00000000d479bec0,0x00000000d4800000)
 Metaspace       used 88614K, committed 90368K, reserved 1179648K
  class space    used 8745K, committed 9536K, reserved 1048576K
}
Event: 2117.726 GC heap after
{Heap after GC invocations=5665 (full 6):
 PSYoungGen      total 7168K, used 608K [0x00000000d5580000, 0x00000000d6200000, 0x0000000100000000)
  eden space 6144K, 0% used [0x00000000d5580000,0x00000000d5580000,0x00000000d5b80000)
  from space 1024K, 59% used [0x00000000d6100000,0x00000000d6198000,0x00000000d6200000)
  to   space 1024K, 0% used [0x00000000d5d00000,0x00000000d5d00000,0x00000000d5e00000)
 ParOldGen       total 1384960K, used 1384783K [0x0000000080000000, 0x00000000d4880000, 0x00000000d5580000)
  object space 1384960K, 99% used [0x0000000080000000,0x00000000d4853ec0,0x00000000d4880000)
 Metaspace       used 88614K, committed 90368K, reserved 1179648K
  class space    used 8745K, committed 9536K, reserved 1048576K
}
Event: 2118.232 GC heap before
{Heap before GC invocations=5666 (full 6):
 PSYoungGen      total 7168K, used 6752K [0x00000000d5580000, 0x00000000d6200000, 0x0000000100000000)
  eden space 6144K, 100% used [0x00000000d5580000,0x00000000d5b80000,0x00000000d5b80000)
  from space 1024K, 59% used [0x00000000d6100000,0x00000000d6198000,0x00000000d6200000)
  to   space 1024K, 0% used [0x00000000d5d00000,0x00000000d5d00000,0x00000000d5e00000)
 ParOldGen       total 1384960K, used 1384783K [0x0000000080000000, 0x00000000d4880000, 0x00000000d5580000)
  object space 1384960K, 99% used [0x0000000080000000,0x00000000d4853ec0,0x00000000d4880000)
 Metaspace       used 88614K, committed 90368K, reserved 1179648K
  class space    used 8745K, committed 9536K, reserved 1048576K
}
Event: 2118.242 GC heap after
{Heap after GC invocations=5666 (full 6):
 PSYoungGen      total 7168K, used 256K [0x00000000d5580000, 0x00000000d6180000, 0x0000000100000000)
  eden space 6144K, 0% used [0x00000000d5580000,0x00000000d5580000,0x00000000d5b80000)
  from space 1024K, 25% used [0x00000000d5d00000,0x00000000d5d40000,0x00000000d5e00000)
  to   space 512K, 0% used [0x00000000d6100000,0x00000000d6100000,0x00000000d6180000)
 ParOldGen       total 1385472K, used 1385252K [0x0000000080000000, 0x00000000d4900000, 0x00000000d5580000)
  object space 1385472K, 99% used [0x0000000080000000,0x00000000d48c9350,0x00000000d4900000)
 Metaspace       used 88614K, committed 90368K, reserved 1179648K
  class space    used 8745K, committed 9536K, reserved 1048576K
}
Event: 2118.679 GC heap before
{Heap before GC invocations=5667 (full 6):
 PSYoungGen      total 7168K, used 6400K [0x00000000d5580000, 0x00000000d6180000, 0x0000000100000000)
  eden space 6144K, 100% used [0x00000000d5580000,0x00000000d5b80000,0x00000000d5b80000)
  from space 1024K, 25% used [0x00000000d5d00000,0x00000000d5d40000,0x00000000d5e00000)
  to   space 512K, 0% used [0x00000000d6100000,0x00000000d6100000,0x00000000d6180000)
 ParOldGen       total 1385472K, used 1385252K [0x0000000080000000, 0x00000000d4900000, 0x00000000d5580000)
  object space 1385472K, 99% used [0x0000000080000000,0x00000000d48c9350,0x00000000d4900000)
 Metaspace       used 88619K, committed 90368K, reserved 1179648K
  class space    used 8745K, committed 9536K, reserved 1048576K
}
Event: 2118.683 GC heap after
{Heap after GC invocations=5667 (full 6):
 PSYoungGen      total 6656K, used 489K [0x00000000d5580000, 0x00000000d6180000, 0x0000000100000000)
  eden space 6144K, 0% used [0x00000000d5580000,0x00000000d5580000,0x00000000d5b80000)
  from space 512K, 95% used [0x00000000d6100000,0x00000000d617a410,0x00000000d6180000)
  to   space 3072K, 0% used [0x00000000d5b80000,0x00000000d5b80000,0x00000000d5e80000)
 ParOldGen       total 1387520K, used 1387341K [0x0000000080000000, 0x00000000d4b00000, 0x00000000d5580000)
  object space 1387520K, 99% used [0x0000000080000000,0x00000000d4ad3760,0x00000000d4b00000)
 Metaspace       used 88619K, committed 90368K, reserved 1179648K
  class space    used 8745K, committed 9536K, reserved 1048576K
}
Event: 2118.721 GC heap before
{Heap before GC invocations=5668 (full 6):
 PSYoungGen      total 6656K, used 6633K [0x00000000d5580000, 0x00000000d6180000, 0x0000000100000000)
  eden space 6144K, 100% used [0x00000000d5580000,0x00000000d5b80000,0x00000000d5b80000)
  from space 512K, 95% used [0x00000000d6100000,0x00000000d617a410,0x00000000d6180000)
  to   space 3072K, 0% used [0x00000000d5b80000,0x00000000d5b80000,0x00000000d5e80000)
 ParOldGen       total 1387520K, used 1387341K [0x0000000080000000, 0x00000000d4b00000, 0x00000000d5580000)
  object space 1387520K, 99% used [0x0000000080000000,0x00000000d4ad3760,0x00000000d4b00000)
 Metaspace       used 88619K, committed 90368K, reserved 1179648K
  class space    used 8745K, committed 9536K, reserved 1048576K
}
Event: 2118.727 GC heap after
{Heap after GC invocations=5668 (full 6):
 PSYoungGen      total 9216K, used 3066K [0x00000000d5580000, 0x00000000d6380000, 0x0000000100000000)
  eden space 6144K, 0% used [0x00000000d5580000,0x00000000d5580000,0x00000000d5b80000)
  from space 3072K, 99% used [0x00000000d5b80000,0x00000000d5e7eb70,0x00000000d5e80000)
  to   space 4096K, 0% used [0x00000000d5f80000,0x00000000d5f80000,0x00000000d6380000)
 ParOldGen       total 1388032K, used 1388013K [0x0000000080000000, 0x00000000d4b80000, 0x00000000d5580000)
  object space 1388032K, 99% used [0x0000000080000000,0x00000000d4b7b770,0x00000000d4b80000)
 Metaspace       used 88619K, committed 90368K, reserved 1179648K
  class space    used 8745K, committed 9536K, reserved 1048576K
}
Event: 2119.024 GC heap before
{Heap before GC invocations=5669 (full 6):
 PSYoungGen      total 9216K, used 9210K [0x00000000d5580000, 0x00000000d6380000, 0x0000000100000000)
  eden space 6144K, 100% used [0x00000000d5580000,0x00000000d5b80000,0x00000000d5b80000)
  from space 3072K, 99% used [0x00000000d5b80000,0x00000000d5e7eb70,0x00000000d5e80000)
  to   space 4096K, 0% used [0x00000000d5f80000,0x00000000d5f80000,0x00000000d6380000)
 ParOldGen       total 1388032K, used 1388013K [0x0000000080000000, 0x00000000d4b80000, 0x00000000d5580000)
  object space 1388032K, 99% used [0x0000000080000000,0x00000000d4b7b770,0x00000000d4b80000)
 Metaspace       used 88619K, committed 90368K, reserved 1179648K
  class space    used 8745K, committed 9536K, reserved 1048576K
}
Event: 2119.042 GC heap after
{Heap after GC invocations=5669 (full 6):
 PSYoungGen      total 8704K, used 2480K [0x00000000d5580000, 0x00000000d6200000, 0x0000000100000000)
  eden space 6144K, 0% used [0x00000000d5580000,0x00000000d5580000,0x00000000d5b80000)
  from space 2560K, 96% used [0x00000000d5f80000,0x00000000d61ec000,0x00000000d6200000)
  to   space 3072K, 0% used [0x00000000d5c00000,0x00000000d5c00000,0x00000000d5f00000)
 ParOldGen       total 1391616K, used 1391128K [0x0000000080000000, 0x00000000d4f00000, 0x00000000d5580000)
  object space 1391616K, 99% used [0x0000000080000000,0x00000000d4e862e0,0x00000000d4f00000)
 Metaspace       used 88619K, committed 90368K, reserved 1179648K
  class space    used 8745K, committed 9536K, reserved 1048576K
}
Event: 2120.066 GC heap before
{Heap before GC invocations=5670 (full 6):
 PSYoungGen      total 8704K, used 8624K [0x00000000d5580000, 0x00000000d6200000, 0x0000000100000000)
  eden space 6144K, 100% used [0x00000000d5580000,0x00000000d5b80000,0x00000000d5b80000)
  from space 2560K, 96% used [0x00000000d5f80000,0x00000000d61ec000,0x00000000d6200000)
  to   space 3072K, 0% used [0x00000000d5c00000,0x00000000d5c00000,0x00000000d5f00000)
 ParOldGen       total 1391616K, used 1391128K [0x0000000080000000, 0x00000000d4f00000, 0x00000000d5580000)
  object space 1391616K, 99% used [0x0000000080000000,0x00000000d4e862e0,0x00000000d4f00000)
 Metaspace       used 88619K, committed 90368K, reserved 1179648K
  class space    used 8745K, committed 9536K, reserved 1048576K
}
Event: 2120.073 GC heap after
{Heap after GC invocations=5670 (full 6):
 PSYoungGen      total 6656K, used 192K [0x00000000d5580000, 0x00000000d6000000, 0x0000000100000000)
  eden space 6144K, 0% used [0x00000000d5580000,0x00000000d5580000,0x00000000d5b80000)
  from space 512K, 37% used [0x00000000d5c00000,0x00000000d5c30000,0x00000000d5c80000)
  to   space 1536K, 0% used [0x00000000d5e80000,0x00000000d5e80000,0x00000000d6000000)
 ParOldGen       total 1393664K, used 1393424K [0x0000000080000000, 0x00000000d5100000, 0x00000000d5580000)
  object space 1393664K, 99% used [0x0000000080000000,0x00000000d50c42e0,0x00000000d5100000)
 Metaspace       used 88619K, committed 90368K, reserved 1179648K
  class space    used 8745K, committed 9536K, reserved 1048576K
}
Event: 2120.577 GC heap before
{Heap before GC invocations=5671 (full 6):
 PSYoungGen      total 6656K, used 6326K [0x00000000d5580000, 0x00000000d6000000, 0x0000000100000000)
  eden space 6144K, 99% used [0x00000000d5580000,0x00000000d5b7d900,0x00000000d5b80000)
  from space 512K, 37% used [0x00000000d5c00000,0x00000000d5c30000,0x00000000d5c80000)
  to   space 1536K, 0% used [0x00000000d5e80000,0x00000000d5e80000,0x00000000d6000000)
 ParOldGen       total 1393664K, used 1393424K [0x0000000080000000, 0x00000000d5100000, 0x00000000d5580000)
  object space 1393664K, 99% used [0x0000000080000000,0x00000000d50c42e0,0x00000000d5100000)
 Metaspace       used 88619K, committed 90368K, reserved 1179648K
  class space    used 8745K, committed 9536K, reserved 1048576K
}
Event: 2120.587 GC heap after
{Heap after GC invocations=5671 (full 6):
 PSYoungGen      total 7168K, used 544K [0x00000000d5580000, 0x00000000d5f80000, 0x0000000100000000)
  eden space 6144K, 0% used [0x00000000d5580000,0x00000000d5580000,0x00000000d5b80000)
  from space 1024K, 53% used [0x00000000d5e80000,0x00000000d5f08000,0x00000000d5f80000)
  to   space 1024K, 0% used [0x00000000d5d80000,0x00000000d5d80000,0x00000000d5e80000)
 ParOldGen       total 1393664K, used 1393472K [0x0000000080000000, 0x00000000d5100000, 0x00000000d5580000)
  object space 1393664K, 99% used [0x0000000080000000,0x00000000d50d02e0,0x00000000d5100000)
 Metaspace       used 88619K, committed 90368K, reserved 1179648K
  class space    used 8745K, committed 9536K, reserved 1048576K
}
Event: 2121.314 GC heap before
{Heap before GC invocations=5672 (full 6):
 PSYoungGen      total 7168K, used 6688K [0x00000000d5580000, 0x00000000d5f80000, 0x0000000100000000)
  eden space 6144K, 100% used [0x00000000d5580000,0x00000000d5b80000,0x00000000d5b80000)
  from space 1024K, 53% used [0x00000000d5e80000,0x00000000d5f08000,0x00000000d5f80000)
  to   space 1024K, 0% used [0x00000000d5d80000,0x00000000d5d80000,0x00000000d5e80000)
 ParOldGen       total 1393664K, used 1393472K [0x0000000080000000, 0x00000000d5100000, 0x00000000d5580000)
  object space 1393664K, 99% used [0x0000000080000000,0x00000000d50d02e0,0x00000000d5100000)
 Metaspace       used 88619K, committed 90368K, reserved 1179648K
  class space    used 8745K, committed 9536K, reserved 1048576K
}
Event: 2121.325 GC heap after
{Heap after GC invocations=5672 (full 6):
 PSYoungGen      total 7168K, used 1010K [0x00000000d5580000, 0x00000000d6680000, 0x0000000100000000)
  eden space 6144K, 0% used [0x00000000d5580000,0x00000000d5580000,0x00000000d5b80000)
  from space 1024K, 98% used [0x00000000d5d80000,0x00000000d5e7c820,0x00000000d5e80000)
  to   space 5632K, 0% used [0x00000000d6100000,0x00000000d6100000,0x00000000d6680000)
 ParOldGen       total 1397248K, used 1397189K [0x0000000080000000, 0x00000000d5480000, 0x00000000d5580000)
  object space 1397248K, 99% used [0x0000000080000000,0x00000000d5471770,0x00000000d5480000)
 Metaspace       used 88619K, committed 90368K, reserved 1179648K
  class space    used 8745K, committed 9536K, reserved 1048576K
}
Event: 2121.376 GC heap before
{Heap before GC invocations=5673 (full 7):
 PSYoungGen      total 7168K, used 7154K [0x00000000d5580000, 0x00000000d6680000, 0x0000000100000000)
  eden space 6144K, 100% used [0x00000000d5580000,0x00000000d5b80000,0x00000000d5b80000)
  from space 1024K, 98% used [0x00000000d5d80000,0x00000000d5e7c820,0x00000000d5e80000)
  to   space 5632K, 0% used [0x00000000d6100000,0x00000000d6100000,0x00000000d6680000)
 ParOldGen       total 1397248K, used 1397189K [0x0000000080000000, 0x00000000d5480000, 0x00000000d5580000)
  object space 1397248K, 99% used [0x0000000080000000,0x00000000d5471770,0x00000000d5480000)
 Metaspace       used 88620K, committed 90368K, reserved 1179648K
  class space    used 8745K, committed 9536K, reserved 1048576K
}

