# JRE version: OpenJDK Runtime Environment Temurin-21.0.8+9 (21.0.8+9) (build 21.0.8+9-LTS)
# Java VM: OpenJDK 64-Bit Server VM Temurin-21.0.8+9 (21.0.8+9-LTS, mixed mode, sharing, tiered, compressed oops, compressed class ptrs, parallel gc, windows-amd64)
GC Precious Log:
 CardTable entry size: 512
 CPUs: 8 total, 8 available
 Memory: 6055M
 Large Page Support: Disabled
 NUMA Support: Disabled
 Compressed Oops: Enabled (32-bit)
 Alignments: Space 512K, Generation 512K, Heap 2M
 Heap Min Capacity: 100M
 Heap Initial Capacity: 100M
 Heap Max Capacity: 2G
 Pre-touch: Disabled
 Parallel Workers: 8
Heap:
 PSYoungGen      total 2560K, used 2208K [0x00000000d5580000, 0x00000000d5900000, 0x0000000100000000)
  eden space 2048K, 100% used [0x00000000d5580000,0x00000000d5780000,0x00000000d5780000)
  from space 512K, 31% used [0x00000000d5880000,0x00000000d58a8000,0x00000000d5900000)
  to   space 512K, 97% used [0x00000000d5800000,0x00000000d587c830,0x00000000d5880000)
 ParOldGen       total 1398272K, used 1398266K [0x0000000080000000, 0x00000000d5580000, 0x00000000d5580000)
  object space 1398272K, 99% used [0x0000000080000000,0x00000000d557e888,0x00000000d5580000)
 Metaspace       used 90112K, committed 91712K, reserved 1179648K
  class space    used 8794K, committed 9600K, reserved 1048576K
GC Heap History (20 events):
Event: 39636.217 GC heap after
{Heap after GC invocations=7730 (full 8):
 PSYoungGen      total 2560K, used 352K [0x00000000d5580000, 0x00000000d5900000, 0x0000000100000000)
  eden space 2048K, 0% used [0x00000000d5580000,0x00000000d5580000,0x00000000d5780000)
  from space 512K, 68% used [0x00000000d5880000,0x00000000d58d8000,0x00000000d5900000)
  to   space 512K, 0% used [0x00000000d5800000,0x00000000d5800000,0x00000000d5880000)
 ParOldGen       total 1396736K, used 1396524K [0x0000000080000000, 0x00000000d5400000, 0x00000000d5580000)
  object space 1396736K, 99% used [0x0000000080000000,0x00000000d53cb3e8,0x00000000d5400000)
 Metaspace       used 90112K, committed 91712K, reserved 1179648K
  class space    used 8794K, committed 9600K, reserved 1048576K
}
Event: 39636.225 GC heap before
{Heap before GC invocations=7731 (full 8):
 PSYoungGen      total 2560K, used 2400K [0x00000000d5580000, 0x00000000d5900000, 0x0000000100000000)
  eden space 2048K, 100% used [0x00000000d5580000,0x00000000d5780000,0x00000000d5780000)
  from space 512K, 68% used [0x00000000d5880000,0x00000000d58d8000,0x00000000d5900000)
  to   space 512K, 0% used [0x00000000d5800000,0x00000000d5800000,0x00000000d5880000)
 ParOldGen       total 1396736K, used 1396524K [0x0000000080000000, 0x00000000d5400000, 0x00000000d5580000)
  object space 1396736K, 99% used [0x0000000080000000,0x00000000d53cb3e8,0x00000000d5400000)
 Metaspace       used 90112K, committed 91712K, reserved 1179648K
  class space    used 8794K, committed 9600K, reserved 1048576K
}
Event: 39636.231 GC heap after
{Heap after GC invocations=7731 (full 8):
 PSYoungGen      total 3072K, used 432K [0x00000000d5580000, 0x00000000d5900000, 0x0000000100000000)
  eden space 2560K, 0% used [0x00000000d5580000,0x00000000d5580000,0x00000000d5800000)
  from space 512K, 84% used [0x00000000d5800000,0x00000000d586c010,0x00000000d5880000)
  to   space 512K, 0% used [0x00000000d5880000,0x00000000d5880000,0x00000000d5900000)
 ParOldGen       total 1396736K, used 1396644K [0x0000000080000000, 0x00000000d5400000, 0x00000000d5580000)
  object space 1396736K, 99% used [0x0000000080000000,0x00000000d53e93e8,0x00000000d5400000)
 Metaspace       used 90112K, committed 91712K, reserved 1179648K
  class space    used 8794K, committed 9600K, reserved 1048576K
}
Event: 39636.575 GC heap before
{Heap before GC invocations=7732 (full 8):
 PSYoungGen      total 3072K, used 2992K [0x00000000d5580000, 0x00000000d5900000, 0x0000000100000000)
  eden space 2560K, 99% used [0x00000000d5580000,0x00000000d57ffff8,0x00000000d5800000)
  from space 512K, 84% used [0x00000000d5800000,0x00000000d586c010,0x00000000d5880000)
  to   space 512K, 0% used [0x00000000d5880000,0x00000000d5880000,0x00000000d5900000)
 ParOldGen       total 1396736K, used 1396644K [0x0000000080000000, 0x00000000d5400000, 0x00000000d5580000)
  object space 1396736K, 99% used [0x0000000080000000,0x00000000d53e93e8,0x00000000d5400000)
 Metaspace       used 90112K, committed 91712K, reserved 1179648K
  class space    used 8794K, committed 9600K, reserved 1048576K
}
Event: 39636.588 GC heap after
{Heap after GC invocations=7732 (full 8):
 PSYoungGen      total 3072K, used 432K [0x00000000d5580000, 0x00000000d5980000, 0x0000000100000000)
  eden space 2560K, 0% used [0x00000000d5580000,0x00000000d5580000,0x00000000d5800000)
  from space 512K, 84% used [0x00000000d5880000,0x00000000d58ec010,0x00000000d5900000)
  to   space 512K, 0% used [0x00000000d5800000,0x00000000d5800000,0x00000000d5880000)
 ParOldGen       total 1396736K, used 1396692K [0x0000000080000000, 0x00000000d5400000, 0x00000000d5580000)
  object space 1396736K, 99% used [0x0000000080000000,0x00000000d53f53e8,0x00000000d5400000)
 Metaspace       used 90112K, committed 91712K, reserved 1179648K
  class space    used 8794K, committed 9600K, reserved 1048576K
}
Event: 39636.894 GC heap before
{Heap before GC invocations=7733 (full 8):
 PSYoungGen      total 3072K, used 2992K [0x00000000d5580000, 0x00000000d5980000, 0x0000000100000000)
  eden space 2560K, 100% used [0x00000000d5580000,0x00000000d5800000,0x00000000d5800000)
  from space 512K, 84% used [0x00000000d5880000,0x00000000d58ec010,0x00000000d5900000)
  to   space 512K, 0% used [0x00000000d5800000,0x00000000d5800000,0x00000000d5880000)
 ParOldGen       total 1396736K, used 1396692K [0x0000000080000000, 0x00000000d5400000, 0x00000000d5580000)
  object space 1396736K, 99% used [0x0000000080000000,0x00000000d53f53e8,0x00000000d5400000)
 Metaspace       used 90112K, committed 91712K, reserved 1179648K
  class space    used 8794K, committed 9600K, reserved 1048576K
}
Event: 39636.909 GC heap after
{Heap after GC invocations=7733 (full 8):
 PSYoungGen      total 3072K, used 192K [0x00000000d5580000, 0x00000000d5900000, 0x0000000100000000)
  eden space 2560K, 0% used [0x00000000d5580000,0x00000000d5580000,0x00000000d5800000)
  from space 512K, 37% used [0x00000000d5800000,0x00000000d5830000,0x00000000d5880000)
  to   space 512K, 0% used [0x00000000d5880000,0x00000000d5880000,0x00000000d5900000)
 ParOldGen       total 1396736K, used 1396692K [0x0000000080000000, 0x00000000d5400000, 0x00000000d5580000)
  object space 1396736K, 99% used [0x0000000080000000,0x00000000d53f53e8,0x00000000d5400000)
 Metaspace       used 90112K, committed 91712K, reserved 1179648K
  class space    used 8794K, committed 9600K, reserved 1048576K
}
Event: 39639.978 GC heap before
{Heap before GC invocations=7734 (full 8):
 PSYoungGen      total 3072K, used 2752K [0x00000000d5580000, 0x00000000d5900000, 0x0000000100000000)
  eden space 2560K, 100% used [0x00000000d5580000,0x00000000d5800000,0x00000000d5800000)
  from space 512K, 37% used [0x00000000d5800000,0x00000000d5830000,0x00000000d5880000)
  to   space 512K, 0% used [0x00000000d5880000,0x00000000d5880000,0x00000000d5900000)
 ParOldGen       total 1396736K, used 1396692K [0x0000000080000000, 0x00000000d5400000, 0x00000000d5580000)
  object space 1396736K, 99% used [0x0000000080000000,0x00000000d53f53e8,0x00000000d5400000)
 Metaspace       used 90112K, committed 91712K, reserved 1179648K
  class space    used 8794K, committed 9600K, reserved 1048576K
}
Event: 39639.982 GC heap after
{Heap after GC invocations=7734 (full 8):
 PSYoungGen      total 2560K, used 496K [0x00000000d5580000, 0x00000000d5a00000, 0x0000000100000000)
  eden space 2048K, 0% used [0x00000000d5580000,0x00000000d5580000,0x00000000d5780000)
  from space 512K, 96% used [0x00000000d5880000,0x00000000d58fc010,0x00000000d5900000)
  to   space 1024K, 0% used [0x00000000d5780000,0x00000000d5780000,0x00000000d5880000)
 ParOldGen       total 1396736K, used 1396732K [0x0000000080000000, 0x00000000d5400000, 0x00000000d5580000)
  object space 1396736K, 99% used [0x0000000080000000,0x00000000d53ff3e8,0x00000000d5400000)
 Metaspace       used 90112K, committed 91712K, reserved 1179648K
  class space    used 8794K, committed 9600K, reserved 1048576K
}
Event: 39640.072 GC heap before
{Heap before GC invocations=7735 (full 8):
 PSYoungGen      total 2560K, used 2544K [0x00000000d5580000, 0x00000000d5a00000, 0x0000000100000000)
  eden space 2048K, 100% used [0x00000000d5580000,0x00000000d5780000,0x00000000d5780000)
  from space 512K, 96% used [0x00000000d5880000,0x00000000d58fc010,0x00000000d5900000)
  to   space 1024K, 0% used [0x00000000d5780000,0x00000000d5780000,0x00000000d5880000)
 ParOldGen       total 1396736K, used 1396732K [0x0000000080000000, 0x00000000d5400000, 0x00000000d5580000)
  object space 1396736K, 99% used [0x0000000080000000,0x00000000d53ff3e8,0x00000000d5400000)
 Metaspace       used 90112K, committed 91712K, reserved 1179648K
  class space    used 8794K, committed 9600K, reserved 1048576K
}
Event: 39640.077 GC heap after
{Heap after GC invocations=7735 (full 8):
 PSYoungGen      total 3072K, used 96K [0x00000000d5580000, 0x00000000d5900000, 0x0000000100000000)
  eden space 2048K, 0% used [0x00000000d5580000,0x00000000d5580000,0x00000000d5780000)
  from space 1024K, 9% used [0x00000000d5780000,0x00000000d5798000,0x00000000d5880000)
  to   space 512K, 0% used [0x00000000d5880000,0x00000000d5880000,0x00000000d5900000)
 ParOldGen       total 1397248K, used 1397186K [0x0000000080000000, 0x00000000d5480000, 0x00000000d5580000)
  object space 1397248K, 99% used [0x0000000080000000,0x00000000d5470878,0x00000000d5480000)
 Metaspace       used 90112K, committed 91712K, reserved 1179648K
  class space    used 8794K, committed 9600K, reserved 1048576K
}
Event: 39640.198 GC heap before
{Heap before GC invocations=7736 (full 8):
 PSYoungGen      total 3072K, used 2140K [0x00000000d5580000, 0x00000000d5900000, 0x0000000100000000)
  eden space 2048K, 99% used [0x00000000d5580000,0x00000000d577f1d8,0x00000000d5780000)
  from space 1024K, 9% used [0x00000000d5780000,0x00000000d5798000,0x00000000d5880000)
  to   space 512K, 0% used [0x00000000d5880000,0x00000000d5880000,0x00000000d5900000)
 ParOldGen       total 1397248K, used 1397186K [0x0000000080000000, 0x00000000d5480000, 0x00000000d5580000)
  object space 1397248K, 99% used [0x0000000080000000,0x00000000d5470878,0x00000000d5480000)
 Metaspace       used 90112K, committed 91712K, reserved 1179648K
  class space    used 8794K, committed 9600K, reserved 1048576K
}
Event: 39640.203 GC heap after
{Heap after GC invocations=7736 (full 8):
 PSYoungGen      total 2560K, used 224K [0x00000000d5580000, 0x00000000d5900000, 0x0000000100000000)
  eden space 2048K, 0% used [0x00000000d5580000,0x00000000d5580000,0x00000000d5780000)
  from space 512K, 43% used [0x00000000d5880000,0x00000000d58b8000,0x00000000d5900000)
  to   space 512K, 0% used [0x00000000d5800000,0x00000000d5800000,0x00000000d5880000)
 ParOldGen       total 1397248K, used 1397202K [0x0000000080000000, 0x00000000d5480000, 0x00000000d5580000)
  object space 1397248K, 99% used [0x0000000080000000,0x00000000d5474878,0x00000000d5480000)
 Metaspace       used 90112K, committed 91712K, reserved 1179648K
  class space    used 8794K, committed 9600K, reserved 1048576K
}
Event: 39640.217 GC heap before
{Heap before GC invocations=7737 (full 8):
 PSYoungGen      total 2560K, used 2272K [0x00000000d5580000, 0x00000000d5900000, 0x0000000100000000)
  eden space 2048K, 100% used [0x00000000d5580000,0x00000000d5780000,0x00000000d5780000)
  from space 512K, 43% used [0x00000000d5880000,0x00000000d58b8000,0x00000000d5900000)
  to   space 512K, 0% used [0x00000000d5800000,0x00000000d5800000,0x00000000d5880000)
 ParOldGen       total 1397248K, used 1397202K [0x0000000080000000, 0x00000000d5480000, 0x00000000d5580000)
  object space 1397248K, 99% used [0x0000000080000000,0x00000000d5474878,0x00000000d5480000)
 Metaspace       used 90112K, committed 91712K, reserved 1179648K
  class space    used 8794K, committed 9600K, reserved 1048576K
}
Event: 39640.223 GC heap after
{Heap after GC invocations=7737 (full 8):
 PSYoungGen      total 2560K, used 464K [0x00000000d5580000, 0x00000000d5900000, 0x0000000100000000)
  eden space 2048K, 0% used [0x00000000d5580000,0x00000000d5580000,0x00000000d5780000)
  from space 512K, 90% used [0x00000000d5800000,0x00000000d5874010,0x00000000d5880000)
  to   space 512K, 0% used [0x00000000d5880000,0x00000000d5880000,0x00000000d5900000)
 ParOldGen       total 1397760K, used 1397258K [0x0000000080000000, 0x00000000d5500000, 0x00000000d5580000)
  object space 1397760K, 99% used [0x0000000080000000,0x00000000d5482878,0x00000000d5500000)
 Metaspace       used 90112K, committed 91712K, reserved 1179648K
  class space    used 8794K, committed 9600K, reserved 1048576K
}
Event: 39640.815 GC heap before
{Heap before GC invocations=7738 (full 8):
 PSYoungGen      total 2560K, used 2388K [0x00000000d5580000, 0x00000000d5900000, 0x0000000100000000)
  eden space 2048K, 93% used [0x00000000d5580000,0x00000000d5761158,0x00000000d5780000)
  from space 512K, 90% used [0x00000000d5800000,0x00000000d5874010,0x00000000d5880000)
  to   space 512K, 0% used [0x00000000d5880000,0x00000000d5880000,0x00000000d5900000)
 ParOldGen       total 1397760K, used 1397258K [0x0000000080000000, 0x00000000d5500000, 0x00000000d5580000)
  object space 1397760K, 99% used [0x0000000080000000,0x00000000d5482878,0x00000000d5500000)
 Metaspace       used 90112K, committed 91712K, reserved 1179648K
  class space    used 8794K, committed 9600K, reserved 1048576K
}
Event: 39640.820 GC heap after
{Heap after GC invocations=7738 (full 8):
 PSYoungGen      total 2560K, used 160K [0x00000000d5580000, 0x00000000d5900000, 0x0000000100000000)
  eden space 2048K, 0% used [0x00000000d5580000,0x00000000d5580000,0x00000000d5780000)
  from space 512K, 31% used [0x00000000d5880000,0x00000000d58a8000,0x00000000d5900000)
  to   space 512K, 0% used [0x00000000d5800000,0x00000000d5800000,0x00000000d5880000)
 ParOldGen       total 1397760K, used 1397266K [0x0000000080000000, 0x00000000d5500000, 0x00000000d5580000)
  object space 1397760K, 99% used [0x0000000080000000,0x00000000d5484878,0x00000000d5500000)
 Metaspace       used 90112K, committed 91712K, reserved 1179648K
  class space    used 8794K, committed 9600K, reserved 1048576K
}
Event: 39640.824 GC heap before
{Heap before GC invocations=7739 (full 8):
 PSYoungGen      total 2560K, used 2208K [0x00000000d5580000, 0x00000000d5900000, 0x0000000100000000)
  eden space 2048K, 100% used [0x00000000d5580000,0x00000000d5780000,0x00000000d5780000)
  from space 512K, 31% used [0x00000000d5880000,0x00000000d58a8000,0x00000000d5900000)
  to   space 512K, 0% used [0x00000000d5800000,0x00000000d5800000,0x00000000d5880000)
 ParOldGen       total 1397760K, used 1397266K [0x0000000080000000, 0x00000000d5500000, 0x00000000d5580000)
  object space 1397760K, 99% used [0x0000000080000000,0x00000000d5484878,0x00000000d5500000)
 Metaspace       used 90112K, committed 91712K, reserved 1179648K
  class space    used 8794K, committed 9600K, reserved 1048576K
}
Event: 39640.831 GC heap after
{Heap after GC invocations=7739 (full 8):
 PSYoungGen      total 2560K, used 2208K [0x00000000d5580000, 0x00000000d5900000, 0x0000000100000000)
  eden space 2048K, 100% used [0x00000000d5580000,0x00000000d5780000,0x00000000d5780000)
  from space 512K, 31% used [0x00000000d5880000,0x00000000d58a8000,0x00000000d5900000)
  to   space 512K, 97% used [0x00000000d5800000,0x00000000d587c830,0x00000000d5880000)
 ParOldGen       total 1398272K, used 1398266K [0x0000000080000000, 0x00000000d5580000, 0x00000000d5580000)
  object space 1398272K, 99% used [0x0000000080000000,0x00000000d557e888,0x00000000d5580000)
 Metaspace       used 90112K, committed 91712K, reserved 1179648K
  class space    used 8794K, committed 9600K, reserved 1048576K
}
Event: 39640.831 GC heap before
{Heap before GC invocations=7740 (full 9):
 PSYoungGen      total 2560K, used 2208K [0x00000000d5580000, 0x00000000d5900000, 0x0000000100000000)
  eden space 2048K, 100% used [0x00000000d5580000,0x00000000d5780000,0x00000000d5780000)
  from space 512K, 31% used [0x00000000d5880000,0x00000000d58a8000,0x00000000d5900000)
  to   space 512K, 97% used [0x00000000d5800000,0x00000000d587c830,0x00000000d5880000)
 ParOldGen       total 1398272K, used 1398266K [0x0000000080000000, 0x00000000d5580000, 0x00000000d5580000)
  object space 1398272K, 99% used [0x0000000080000000,0x00000000d557e888,0x00000000d5580000)
 Metaspace       used 90112K, committed 91712K, reserved 1179648K
  class space    used 8794K, committed 9600K, reserved 1048576K
}

